<?xml version="1.0" encoding="UTF-8"?>
<testsuite name="CinemaTests" tests="1" skipped="0" failures="0" errors="0" timestamp="2021-09-14T13:41:15" hostname="AMAC02CJ3PXLVDL" time="3.043">
  <properties/>
  <testcase name="start" classname="CinemaTests" time="3.043"/>
  <system-out><![CDATA[?[1;31m
Start test 1?[0m

  .   ____          _            __ _ _
 /\\ / ___'_ __ _ _(_)_ __  __ _ \ \ \ \
( ( )\___ | '_ | '_| | '_ \/ _` | \ \ \ \
 \\/  ___)| |_)| | | | | || (_| |  ) ) ) )
  '  |____| .__|_| |_|_| |_\__, | / / / /
 =========|_|==============|___/=/_/_/_/
 :: Spring Boot ::        (v2.3.1.RELEASE)

2021-09-14 23:41:15.553  INFO 68478 --- [    Test worker] cinema.Main                              : Starting Main on AMAC02CJ3PXLVDL with PID 68478 (started by aswin.k.raghuraman in /Users/aswin.k.raghuraman/Ash/personal/app/jetbrains/SpringBoot/Cinema Room REST Service3/Cinema Room REST Service/task)
2021-09-14 23:41:15.557  INFO 68478 --- [    Test worker] cinema.Main                              : No active profile set, falling back to default profiles: default
2021-09-14 23:41:16.873  INFO 68478 --- [    Test worker] o.s.b.w.embedded.tomcat.TomcatWebServer  : Tomcat initialized with port(s): 28852 (http)
2021-09-14 23:41:16.887  INFO 68478 --- [    Test worker] o.apache.catalina.core.StandardService   : Starting service [Tomcat]
2021-09-14 23:41:16.888  INFO 68478 --- [    Test worker] org.apache.catalina.core.StandardEngine  : Starting Servlet engine: [Apache Tomcat/9.0.36]
2021-09-14 23:41:16.983  INFO 68478 --- [    Test worker] o.a.c.c.C.[Tomcat].[localhost].[/]       : Initializing Spring embedded WebApplicationContext
2021-09-14 23:41:16.983  INFO 68478 --- [    Test worker] w.s.c.ServletWebServerApplicationContext : Root WebApplicationContext: initialization completed in 1380 ms
2021-09-14 23:41:17.222  INFO 68478 --- [    Test worker] o.s.s.concurrent.ThreadPoolTaskExecutor  : Initializing ExecutorService 'applicationTaskExecutor'
2021-09-14 23:41:17.435  INFO 68478 --- [    Test worker] o.s.b.a.e.web.EndpointLinksResolver      : Exposing 14 endpoint(s) beneath base path '/actuator'
2021-09-14 23:41:17.484  INFO 68478 --- [    Test worker] o.s.b.w.embedded.tomcat.TomcatWebServer  : Tomcat started on port(s): 28852 (http) with context path ''
2021-09-14 23:41:17.495  INFO 68478 --- [    Test worker] cinema.Main                              : Started Main in 2.235 seconds (JVM running for 2.944)
2021-09-14 23:41:17.842  INFO 68478 --- [io-28852-exec-1] o.a.c.c.C.[Tomcat].[localhost].[/]       : Initializing Spring DispatcherServlet 'dispatcherServlet'
2021-09-14 23:41:17.843  INFO 68478 --- [io-28852-exec-1] o.s.web.servlet.DispatcherServlet        : Initializing Servlet 'dispatcherServlet'
2021-09-14 23:41:17.851  INFO 68478 --- [io-28852-exec-1] o.s.web.servlet.DispatcherServlet        : Completed initialization in 8 ms
?[1;31m
Start test 2?[0m
?[1;31m
Start test 3?[0m
?[1;31m
Start test 4?[0m
?[1;31m
Start test 5?[0m
?[1;31m
Start test 6?[0m
?[1;31m
Start test 7?[0m
?[1;31m
Start test 8?[0m
?[1;31m
Start test 9?[0m
?[1;31m
Start test 10?[0m
?[1;31m
Start test 11?[0m
?[1;31m
Start test 12?[0m
]]></system-out>
  <system-err><![CDATA[]]></system-err>
</testsuite>
